<?xml version="1.0" encoding="UTF-8"?>
<testng-results ignored="0" total="4" passed="3" failed="1" skipped="0">
  <reporter-output>
  </reporter-output>
  <suite started-at="2022-12-14T13:27:40 IST" name="orange test suite" finished-at="2022-12-14T13:28:42 IST" duration-ms="62024">
    <groups>
    </groups>
    <test started-at="2022-12-14T13:27:40 IST" name="admin login testcase with valid data" finished-at="2022-12-14T13:27:53 IST" duration-ms="12562">
      <class name="orange.testcases.AdminloginwithValidData">
        <test-method signature="loginwithValidData(java.lang.String,java.lang.String)[pri:0, instance:orange.testcases.AdminloginwithValidData@b62d79]" started-at="2022-12-14T13:27:40 IST" name="loginwithValidData" finished-at="2022-12-14T13:27:53 IST" duration-ms="12498" status="PASS">
          <params>
            <param index="0">
              <value>
                <![CDATA[Admin]]>
              </value>
            </param>
            <param index="1">
              <value>
                <![CDATA[Qedge123!@#]]>
              </value>
            </param>
          </params>
          <reporter-output>
          </reporter-output>
        </test-method> <!-- loginwithValidData -->
      </class> <!-- orange.testcases.AdminloginwithValidData -->
    </test> <!-- admin login testcase with valid data -->
    <test started-at="2022-12-14T13:27:53 IST" name=" admin login testcase with invalid data" finished-at="2022-12-14T13:27:55 IST" duration-ms="2452">
      <class name="orange.testcases.AdminloginWithInvalidData">
        <test-method signature="loginwithInvaliddata(java.lang.String,java.lang.String)[pri:0, instance:orange.testcases.AdminloginWithInvalidData@49c7b90e]" started-at="2022-12-14T13:27:53 IST" name="loginwithInvaliddata" finished-at="2022-12-14T13:27:55 IST" duration-ms="2452" status="PASS">
          <params>
            <param index="0">
              <value>
                <![CDATA[Adm]]>
              </value>
            </param>
            <param index="1">
              <value>
                <![CDATA[Qee123!@#]]>
              </value>
            </param>
          </params>
          <reporter-output>
          </reporter-output>
        </test-method> <!-- loginwithInvaliddata -->
      </class> <!-- orange.testcases.AdminloginWithInvalidData -->
    </test> <!--  admin login testcase with invalid data -->
    <test started-at="2022-12-14T13:27:55 IST" name="emp reg testcase" finished-at="2022-12-14T13:28:12 IST" duration-ms="17099">
      <class name="orange.testcases.EmpReg">
        <test-method signature="addemp(java.lang.String,java.lang.String,java.lang.String,java.lang.String)[pri:0, instance:orange.testcases.EmpReg@483f6d77]" started-at="2022-12-14T13:27:55 IST" name="addemp" finished-at="2022-12-14T13:28:12 IST" duration-ms="17091" status="PASS">
          <params>
            <param index="0">
              <value>
                <![CDATA[Admin]]>
              </value>
            </param>
            <param index="1">
              <value>
                <![CDATA[Qedge123!@#]]>
              </value>
            </param>
            <param index="2">
              <value>
                <![CDATA[sunkara]]>
              </value>
            </param>
            <param index="3">
              <value>
                <![CDATA[demo]]>
              </value>
            </param>
          </params>
          <reporter-output>
          </reporter-output>
        </test-method> <!-- addemp -->
      </class> <!-- orange.testcases.EmpReg -->
    </test> <!-- emp reg testcase -->
    <test started-at="2022-12-14T13:28:12 IST" name="user reg testcase" finished-at="2022-12-14T13:28:42 IST" duration-ms="29759">
      <class name="orange.testcases.userReg">
        <test-method is-config="true" signature="launchApp()[pri:0, instance:orange.testcases.userReg@6d4e5011]" started-at="2022-12-14T13:27:32 IST" name="launchApp" finished-at="2022-12-14T13:27:40 IST" duration-ms="8038" status="PASS">
          <reporter-output>
          </reporter-output>
        </test-method> <!-- launchApp -->
        <test-method signature="addUser(java.lang.String,java.lang.String,java.lang.String,java.lang.String,java.lang.String)[pri:0, instance:orange.testcases.userReg@6d4e5011]" started-at="2022-12-14T13:28:12 IST" name="addUser" finished-at="2022-12-14T13:28:42 IST" duration-ms="29751" status="FAIL">
          <params>
            <param index="0">
              <value>
                <![CDATA[Admin]]>
              </value>
            </param>
            <param index="1">
              <value>
                <![CDATA[Qedge123!@#]]>
              </value>
            </param>
            <param index="2">
              <value>
                <![CDATA[sunkara demo]]>
              </value>
            </param>
            <param index="3">
              <value>
                <![CDATA[sunka]]>
              </value>
            </param>
            <param index="4">
              <value>
                <![CDATA[Qedge123!@#]]>
              </value>
            </param>
          </params>
          <exception class="org.openqa.selenium.NoSuchElementException">
            <message>
              <![CDATA[no such element: Unable to locate element: {"method":"css selector","selector":"*[name='searchSystemUser[userName]']"}
  (Session info: chrome=108.0.5359.100)
For documentation on this error, please visit: https://www.seleniumhq.org/exceptions/no_such_element.html
Build info: version: '3.141.59', revision: 'e82be7d358', time: '2018-11-14T08:25:53'
System info: host: 'DESKTOP-H7BKF62', ip: '10.0.0.177', os.name: 'Windows 10', os.arch: 'amd64', os.version: '10.0', java.version: '11.0.16'
Driver info: org.openqa.selenium.chrome.ChromeDriver
Capabilities {acceptInsecureCerts: false, browserName: chrome, browserVersion: 108.0.5359.100, chrome: {chromedriverVersion: 107.0.5304.62 (1eec40d3a576..., userDataDir: C:\Users\Admin\AppData\Loca...}, goog:chromeOptions: {debuggerAddress: localhost:50593}, javascriptEnabled: true, networkConnectionEnabled: false, pageLoadStrategy: normal, platform: WINDOWS, platformName: WINDOWS, proxy: Proxy(), setWindowRect: true, strictFileInteractability: false, timeouts: {implicit: 0, pageLoad: 300000, script: 30000}, unhandledPromptBehavior: dismiss and notify, webauthn:extension:credBlob: true, webauthn:extension:largeBlob: true, webauthn:virtualAuthenticators: true}
Session ID: f757f3d9be7495f2161142106793d63c
*** Element info: {Using=name, value=searchSystemUser[userName]}]]>
            </message>
            <full-stacktrace>
              <![CDATA[org.openqa.selenium.NoSuchElementException: no such element: Unable to locate element: {"method":"css selector","selector":"*[name='searchSystemUser[userName]']"}
  (Session info: chrome=108.0.5359.100)
For documentation on this error, please visit: https://www.seleniumhq.org/exceptions/no_such_element.html
Build info: version: '3.141.59', revision: 'e82be7d358', time: '2018-11-14T08:25:53'
System info: host: 'DESKTOP-H7BKF62', ip: '10.0.0.177', os.name: 'Windows 10', os.arch: 'amd64', os.version: '10.0', java.version: '11.0.16'
Driver info: org.openqa.selenium.chrome.ChromeDriver
Capabilities {acceptInsecureCerts: false, browserName: chrome, browserVersion: 108.0.5359.100, chrome: {chromedriverVersion: 107.0.5304.62 (1eec40d3a576..., userDataDir: C:\Users\Admin\AppData\Loca...}, goog:chromeOptions: {debuggerAddress: localhost:50593}, javascriptEnabled: true, networkConnectionEnabled: false, pageLoadStrategy: normal, platform: WINDOWS, platformName: WINDOWS, proxy: Proxy(), setWindowRect: true, strictFileInteractability: false, timeouts: {implicit: 0, pageLoad: 300000, script: 30000}, unhandledPromptBehavior: dismiss and notify, webauthn:extension:credBlob: true, webauthn:extension:largeBlob: true, webauthn:virtualAuthenticators: true}
Session ID: f757f3d9be7495f2161142106793d63c
*** Element info: {Using=name, value=searchSystemUser[userName]}
at java.base/jdk.internal.reflect.NativeConstructorAccessorImpl.newInstance0(Native Method)
at java.base/jdk.internal.reflect.NativeConstructorAccessorImpl.newInstance(NativeConstructorAccessorImpl.java:62)
at java.base/jdk.internal.reflect.DelegatingConstructorAccessorImpl.newInstance(DelegatingConstructorAccessorImpl.java:45)
at java.base/java.lang.reflect.Constructor.newInstance(Constructor.java:490)
at org.openqa.selenium.remote.http.W3CHttpResponseCodec.createException(W3CHttpResponseCodec.java:187)
at org.openqa.selenium.remote.http.W3CHttpResponseCodec.decode(W3CHttpResponseCodec.java:122)
at org.openqa.selenium.remote.http.W3CHttpResponseCodec.decode(W3CHttpResponseCodec.java:49)
at org.openqa.selenium.remote.HttpCommandExecutor.execute(HttpCommandExecutor.java:158)
at org.openqa.selenium.remote.service.DriverCommandExecutor.execute(DriverCommandExecutor.java:83)
at org.openqa.selenium.remote.RemoteWebDriver.execute(RemoteWebDriver.java:552)
at org.openqa.selenium.remote.RemoteWebDriver.findElement(RemoteWebDriver.java:323)
at org.openqa.selenium.remote.RemoteWebDriver.findElementByName(RemoteWebDriver.java:404)
at org.openqa.selenium.By$ByName.findElement(By.java:284)
at org.openqa.selenium.remote.RemoteWebDriver.findElement(RemoteWebDriver.java:315)
at orange.library.user.addUser(user.java:22)
at orange.testcases.userReg.addUser(userReg.java:19)
at java.base/jdk.internal.reflect.NativeMethodAccessorImpl.invoke0(Native Method)
at java.base/jdk.internal.reflect.NativeMethodAccessorImpl.invoke(NativeMethodAccessorImpl.java:62)
at java.base/jdk.internal.reflect.DelegatingMethodAccessorImpl.invoke(DelegatingMethodAccessorImpl.java:43)
at java.base/java.lang.reflect.Method.invoke(Method.java:566)
at org.testng.internal.MethodInvocationHelper.invokeMethod(MethodInvocationHelper.java:133)
at org.testng.internal.TestInvoker.invokeMethod(TestInvoker.java:598)
at org.testng.internal.TestInvoker.invokeTestMethod(TestInvoker.java:173)
at org.testng.internal.MethodRunner.runInSequence(MethodRunner.java:46)
at org.testng.internal.TestInvoker$MethodInvocationAgent.invoke(TestInvoker.java:824)
at org.testng.internal.TestInvoker.invokeTestMethods(TestInvoker.java:146)
at org.testng.internal.TestMethodWorker.invokeTestMethods(TestMethodWorker.java:146)
at org.testng.internal.TestMethodWorker.run(TestMethodWorker.java:128)
at java.base/java.util.ArrayList.forEach(ArrayList.java:1541)
at org.testng.TestRunner.privateRun(TestRunner.java:794)
at org.testng.TestRunner.run(TestRunner.java:596)
at org.testng.SuiteRunner.runTest(SuiteRunner.java:377)
at org.testng.SuiteRunner.runSequentially(SuiteRunner.java:371)
at org.testng.SuiteRunner.privateRun(SuiteRunner.java:332)
at org.testng.SuiteRunner.run(SuiteRunner.java:276)
at org.testng.SuiteRunnerWorker.runSuite(SuiteRunnerWorker.java:53)
at org.testng.SuiteRunnerWorker.run(SuiteRunnerWorker.java:96)
at org.testng.TestNG.runSuitesSequentially(TestNG.java:1212)
at org.testng.TestNG.runSuitesLocally(TestNG.java:1134)
at org.testng.TestNG.runSuites(TestNG.java:1063)
at org.testng.TestNG.run(TestNG.java:1031)
at org.testng.remote.AbstractRemoteTestNG.run(AbstractRemoteTestNG.java:115)
at org.testng.remote.RemoteTestNG.initAndRun(RemoteTestNG.java:251)
at org.testng.remote.RemoteTestNG.main(RemoteTestNG.java:77)
]]>
            </full-stacktrace>
          </exception> <!-- org.openqa.selenium.NoSuchElementException -->
          <reporter-output>
          </reporter-output>
        </test-method> <!-- addUser -->
        <test-method is-config="true" signature="closeApp()[pri:0, instance:orange.testcases.userReg@6d4e5011]" started-at="2022-12-14T13:28:42 IST" name="closeApp" finished-at="2022-12-14T13:28:54 IST" duration-ms="12178" status="PASS">
          <reporter-output>
          </reporter-output>
        </test-method> <!-- closeApp -->
      </class> <!-- orange.testcases.userReg -->
    </test> <!-- user reg testcase -->
  </suite> <!-- orange test suite -->
</testng-results>
